<?xml version="1.0" encoding="UTF-8" standalone="yes"?><!DOCTYPE report PUBLIC "-//JACOCO//DTD Report 1.1//EN" "report.dtd"><report name="parking-system"><sessioninfo id="PC_SEB-5cd2f720" start="1712408157090" dump="1712408158624"/><sessioninfo id="PC_SEB-30287059" start="1712408212815" dump="1712408214406"/><sessioninfo id="PC_SEB-db640627" start="1712408217649" dump="1712408220033"/><sessioninfo id="PC_SEB-d2a511ff" start="1712408227883" dump="1712408229495"/><sessioninfo id="PC_SEB-da589d1c" start="1712408232739" dump="1712408234889"/><sessioninfo id="PC_SEB-5fcd8c00" start="1712408268759" dump="1712408270348"/><sessioninfo id="PC_SEB-cb4b789" start="1712408273731" dump="1712408275916"/><sessioninfo id="PC_SEB-e5ec23c5" start="1712408302299" dump="1712408303854"/><sessioninfo id="PC_SEB-f1106b7" start="1712408307210" dump="1712408309476"/><sessioninfo id="PC_SEB-9e809c4b" start="1712408329639" dump="1712408331234"/></report>